  Ajustes.cpp
C:\Users\PC\Documents\respaldo\JesiRut\Segundo Ciclo\Programación 2\Trabajo Final\Trabajo Final\MenuAnimado.h(26,54): warning C4244: 'argumento': conversión de 'double' a 'int'; posible pérdida de datos
C:\Users\PC\Documents\respaldo\JesiRut\Segundo Ciclo\Programación 2\Trabajo Final\Trabajo Final\MenuAnimado.h(26,42): warning C4244: 'argumento': conversión de 'double' a 'int'; posible pérdida de datos
C:\Users\PC\Documents\respaldo\JesiRut\Segundo Ciclo\Programación 2\Trabajo Final\Trabajo Final\CPersonaje.h(28,54): warning C4244: 'argumento': conversión de 'float' a 'int'; posible pérdida de datos
C:\Users\PC\Documents\respaldo\JesiRut\Segundo Ciclo\Programación 2\Trabajo Final\Trabajo Final\CPersonaje.h(28,42): warning C4244: 'argumento': conversión de 'float' a 'int'; posible pérdida de datos
C:\Users\PC\Documents\respaldo\JesiRut\Segundo Ciclo\Programación 2\Trabajo Final\Trabajo Final\CPersonaje.h(33,29): warning C4244: '=': conversión de 'float' a 'int'; posible pérdida de datos
C:\Users\PC\Documents\respaldo\JesiRut\Segundo Ciclo\Programación 2\Trabajo Final\Trabajo Final\CPersonaje.h(34,29): warning C4244: '=': conversión de 'float' a 'int'; posible pérdida de datos
C:\Users\PC\Documents\respaldo\JesiRut\Segundo Ciclo\Programación 2\Trabajo Final\Trabajo Final\CPersonaje.h(35,70): warning C4244: 'argumento': conversión de 'float' a 'int'; posible pérdida de datos
C:\Users\PC\Documents\respaldo\JesiRut\Segundo Ciclo\Programación 2\Trabajo Final\Trabajo Final\CPersonaje.h(35,58): warning C4244: 'argumento': conversión de 'float' a 'int'; posible pérdida de datos
C:\Users\PC\Documents\respaldo\JesiRut\Segundo Ciclo\Programación 2\Trabajo Final\Trabajo Final\CControlador.h(31,1): warning C4305: 'argumento': truncamiento de 'double' a 'float'
C:\Users\PC\Documents\respaldo\JesiRut\Segundo Ciclo\Programación 2\Trabajo Final\Trabajo Final\CControlador.h(38,1): warning C4305: 'argumento': truncamiento de 'double' a 'float'
C:\Users\PC\Documents\respaldo\JesiRut\Segundo Ciclo\Programación 2\Trabajo Final\Trabajo Final\CControlador.h(173,119): warning C4244: 'argumento': conversión de 'double' a 'int'; posible pérdida de datos
C:\Users\PC\Documents\respaldo\JesiRut\Segundo Ciclo\Programación 2\Trabajo Final\Trabajo Final\CControlador.h(173,97): warning C4244: 'argumento': conversión de 'double' a 'int'; posible pérdida de datos
C:\Users\PC\Documents\respaldo\JesiRut\Segundo Ciclo\Programación 2\Trabajo Final\Trabajo Final\CControlador.h(193,134): warning C4244: 'argumento': conversión de 'double' a 'int'; posible pérdida de datos
C:\Users\PC\Documents\respaldo\JesiRut\Segundo Ciclo\Programación 2\Trabajo Final\Trabajo Final\CControlador.h(193,105): warning C4244: 'argumento': conversión de 'double' a 'int'; posible pérdida de datos
C:\Users\PC\Documents\respaldo\JesiRut\Segundo Ciclo\Programación 2\Trabajo Final\Trabajo Final\FormJuego.h(24,14): warning C4244: 'argumento': conversión de 'time_t' a 'unsigned int'; posible pérdida de datos
  FormJuego.cpp
C:\Users\PC\Documents\respaldo\JesiRut\Segundo Ciclo\Programación 2\Trabajo Final\Trabajo Final\CPersonaje.h(28,54): warning C4244: 'argumento': conversión de 'float' a 'int'; posible pérdida de datos
C:\Users\PC\Documents\respaldo\JesiRut\Segundo Ciclo\Programación 2\Trabajo Final\Trabajo Final\CPersonaje.h(28,42): warning C4244: 'argumento': conversión de 'float' a 'int'; posible pérdida de datos
C:\Users\PC\Documents\respaldo\JesiRut\Segundo Ciclo\Programación 2\Trabajo Final\Trabajo Final\CPersonaje.h(33,29): warning C4244: '=': conversión de 'float' a 'int'; posible pérdida de datos
C:\Users\PC\Documents\respaldo\JesiRut\Segundo Ciclo\Programación 2\Trabajo Final\Trabajo Final\CPersonaje.h(34,29): warning C4244: '=': conversión de 'float' a 'int'; posible pérdida de datos
C:\Users\PC\Documents\respaldo\JesiRut\Segundo Ciclo\Programación 2\Trabajo Final\Trabajo Final\CPersonaje.h(35,70): warning C4244: 'argumento': conversión de 'float' a 'int'; posible pérdida de datos
C:\Users\PC\Documents\respaldo\JesiRut\Segundo Ciclo\Programación 2\Trabajo Final\Trabajo Final\CPersonaje.h(35,58): warning C4244: 'argumento': conversión de 'float' a 'int'; posible pérdida de datos
C:\Users\PC\Documents\respaldo\JesiRut\Segundo Ciclo\Programación 2\Trabajo Final\Trabajo Final\CControlador.h(31,1): warning C4305: 'argumento': truncamiento de 'double' a 'float'
C:\Users\PC\Documents\respaldo\JesiRut\Segundo Ciclo\Programación 2\Trabajo Final\Trabajo Final\CControlador.h(38,1): warning C4305: 'argumento': truncamiento de 'double' a 'float'
C:\Users\PC\Documents\respaldo\JesiRut\Segundo Ciclo\Programación 2\Trabajo Final\Trabajo Final\CControlador.h(173,119): warning C4244: 'argumento': conversión de 'double' a 'int'; posible pérdida de datos
C:\Users\PC\Documents\respaldo\JesiRut\Segundo Ciclo\Programación 2\Trabajo Final\Trabajo Final\CControlador.h(173,97): warning C4244: 'argumento': conversión de 'double' a 'int'; posible pérdida de datos
C:\Users\PC\Documents\respaldo\JesiRut\Segundo Ciclo\Programación 2\Trabajo Final\Trabajo Final\CControlador.h(193,134): warning C4244: 'argumento': conversión de 'double' a 'int'; posible pérdida de datos
C:\Users\PC\Documents\respaldo\JesiRut\Segundo Ciclo\Programación 2\Trabajo Final\Trabajo Final\CControlador.h(193,105): warning C4244: 'argumento': conversión de 'double' a 'int'; posible pérdida de datos
C:\Users\PC\Documents\respaldo\JesiRut\Segundo Ciclo\Programación 2\Trabajo Final\Trabajo Final\FormJuego.h(24,14): warning C4244: 'argumento': conversión de 'time_t' a 'unsigned int'; posible pérdida de datos
  FormularioCreditos.cpp
  FormularioPresentacion.cpp
C:\Users\PC\Documents\respaldo\JesiRut\Segundo Ciclo\Programación 2\Trabajo Final\Trabajo Final\MenuAnimado.h(26,54): warning C4244: 'argumento': conversión de 'double' a 'int'; posible pérdida de datos
C:\Users\PC\Documents\respaldo\JesiRut\Segundo Ciclo\Programación 2\Trabajo Final\Trabajo Final\MenuAnimado.h(26,42): warning C4244: 'argumento': conversión de 'double' a 'int'; posible pérdida de datos
C:\Users\PC\Documents\respaldo\JesiRut\Segundo Ciclo\Programación 2\Trabajo Final\Trabajo Final\CPersonaje.h(28,54): warning C4244: 'argumento': conversión de 'float' a 'int'; posible pérdida de datos
C:\Users\PC\Documents\respaldo\JesiRut\Segundo Ciclo\Programación 2\Trabajo Final\Trabajo Final\CPersonaje.h(28,42): warning C4244: 'argumento': conversión de 'float' a 'int'; posible pérdida de datos
C:\Users\PC\Documents\respaldo\JesiRut\Segundo Ciclo\Programación 2\Trabajo Final\Trabajo Final\CPersonaje.h(33,29): warning C4244: '=': conversión de 'float' a 'int'; posible pérdida de datos
C:\Users\PC\Documents\respaldo\JesiRut\Segundo Ciclo\Programación 2\Trabajo Final\Trabajo Final\CPersonaje.h(34,29): warning C4244: '=': conversión de 'float' a 'int'; posible pérdida de datos
C:\Users\PC\Documents\respaldo\JesiRut\Segundo Ciclo\Programación 2\Trabajo Final\Trabajo Final\CPersonaje.h(35,70): warning C4244: 'argumento': conversión de 'float' a 'int'; posible pérdida de datos
C:\Users\PC\Documents\respaldo\JesiRut\Segundo Ciclo\Programación 2\Trabajo Final\Trabajo Final\CPersonaje.h(35,58): warning C4244: 'argumento': conversión de 'float' a 'int'; posible pérdida de datos
C:\Users\PC\Documents\respaldo\JesiRut\Segundo Ciclo\Programación 2\Trabajo Final\Trabajo Final\CControlador.h(31,1): warning C4305: 'argumento': truncamiento de 'double' a 'float'
C:\Users\PC\Documents\respaldo\JesiRut\Segundo Ciclo\Programación 2\Trabajo Final\Trabajo Final\CControlador.h(38,1): warning C4305: 'argumento': truncamiento de 'double' a 'float'
C:\Users\PC\Documents\respaldo\JesiRut\Segundo Ciclo\Programación 2\Trabajo Final\Trabajo Final\CControlador.h(173,119): warning C4244: 'argumento': conversión de 'double' a 'int'; posible pérdida de datos
C:\Users\PC\Documents\respaldo\JesiRut\Segundo Ciclo\Programación 2\Trabajo Final\Trabajo Final\CControlador.h(173,97): warning C4244: 'argumento': conversión de 'double' a 'int'; posible pérdida de datos
C:\Users\PC\Documents\respaldo\JesiRut\Segundo Ciclo\Programación 2\Trabajo Final\Trabajo Final\CControlador.h(193,134): warning C4244: 'argumento': conversión de 'double' a 'int'; posible pérdida de datos
C:\Users\PC\Documents\respaldo\JesiRut\Segundo Ciclo\Programación 2\Trabajo Final\Trabajo Final\CControlador.h(193,105): warning C4244: 'argumento': conversión de 'double' a 'int'; posible pérdida de datos
C:\Users\PC\Documents\respaldo\JesiRut\Segundo Ciclo\Programación 2\Trabajo Final\Trabajo Final\FormJuego.h(24,14): warning C4244: 'argumento': conversión de 'time_t' a 'unsigned int'; posible pérdida de datos
  FormYouLose.cpp
  FormYouWin.cpp
  Instrucciones.cpp
  Niveles.cpp
C:\Users\PC\Documents\respaldo\JesiRut\Segundo Ciclo\Programación 2\Trabajo Final\Trabajo Final\CPersonaje.h(28,54): warning C4244: 'argumento': conversión de 'float' a 'int'; posible pérdida de datos
C:\Users\PC\Documents\respaldo\JesiRut\Segundo Ciclo\Programación 2\Trabajo Final\Trabajo Final\CPersonaje.h(28,42): warning C4244: 'argumento': conversión de 'float' a 'int'; posible pérdida de datos
C:\Users\PC\Documents\respaldo\JesiRut\Segundo Ciclo\Programación 2\Trabajo Final\Trabajo Final\CPersonaje.h(33,29): warning C4244: '=': conversión de 'float' a 'int'; posible pérdida de datos
C:\Users\PC\Documents\respaldo\JesiRut\Segundo Ciclo\Programación 2\Trabajo Final\Trabajo Final\CPersonaje.h(34,29): warning C4244: '=': conversión de 'float' a 'int'; posible pérdida de datos
C:\Users\PC\Documents\respaldo\JesiRut\Segundo Ciclo\Programación 2\Trabajo Final\Trabajo Final\CPersonaje.h(35,70): warning C4244: 'argumento': conversión de 'float' a 'int'; posible pérdida de datos
C:\Users\PC\Documents\respaldo\JesiRut\Segundo Ciclo\Programación 2\Trabajo Final\Trabajo Final\CPersonaje.h(35,58): warning C4244: 'argumento': conversión de 'float' a 'int'; posible pérdida de datos
C:\Users\PC\Documents\respaldo\JesiRut\Segundo Ciclo\Programación 2\Trabajo Final\Trabajo Final\CControlador.h(31,1): warning C4305: 'argumento': truncamiento de 'double' a 'float'
C:\Users\PC\Documents\respaldo\JesiRut\Segundo Ciclo\Programación 2\Trabajo Final\Trabajo Final\CControlador.h(38,1): warning C4305: 'argumento': truncamiento de 'double' a 'float'
C:\Users\PC\Documents\respaldo\JesiRut\Segundo Ciclo\Programación 2\Trabajo Final\Trabajo Final\CControlador.h(173,119): warning C4244: 'argumento': conversión de 'double' a 'int'; posible pérdida de datos
C:\Users\PC\Documents\respaldo\JesiRut\Segundo Ciclo\Programación 2\Trabajo Final\Trabajo Final\CControlador.h(173,97): warning C4244: 'argumento': conversión de 'double' a 'int'; posible pérdida de datos
C:\Users\PC\Documents\respaldo\JesiRut\Segundo Ciclo\Programación 2\Trabajo Final\Trabajo Final\CControlador.h(193,134): warning C4244: 'argumento': conversión de 'double' a 'int'; posible pérdida de datos
C:\Users\PC\Documents\respaldo\JesiRut\Segundo Ciclo\Programación 2\Trabajo Final\Trabajo Final\CControlador.h(193,105): warning C4244: 'argumento': conversión de 'double' a 'int'; posible pérdida de datos
C:\Users\PC\Documents\respaldo\JesiRut\Segundo Ciclo\Programación 2\Trabajo Final\Trabajo Final\FormJuego.h(24,14): warning C4244: 'argumento': conversión de 'time_t' a 'unsigned int'; posible pérdida de datos
  .NETFramework,Version=v4.7.2.AssemblyAttributes.cpp
  Generando código...
  Ajustes.obj : se encontró un módulo MSIL; vinculación incremental deshabilitada para MSIL; ejecutando vínculo completo
  Trabajo Final.vcxproj -> C:\Users\PC\Documents\respaldo\JesiRut\Segundo Ciclo\Programación 2\Trabajo Final\x64\Debug\Trabajo Final.exe
