e:\upc\ciclo 2\programacion 2\trabajofinalgrupo9\trabajo final\trabajo final\debug\vc142.pdb
e:\upc\ciclo 2\programacion 2\trabajofinalgrupo9\trabajo final\trabajo final\debug\.netframework,version=v4.7.2.assemblyattributes.obj
e:\upc\ciclo 2\programacion 2\trabajofinalgrupo9\trabajo final\trabajo final\debug\formulariopresentacion.obj
e:\upc\ciclo 2\programacion 2\trabajofinalgrupo9\trabajo final\trabajo final\debug\formulariocreditos.obj
e:\upc\ciclo 2\programacion 2\trabajofinalgrupo9\trabajo final\trabajo final\debug\ajustes.obj
e:\upc\ciclo 2\programacion 2\trabajofinalgrupo9\trabajo final\trabajo final\debug\niveles.obj
e:\upc\ciclo 2\programacion 2\trabajofinalgrupo9\trabajo final\debug\trabajo final.exe
e:\upc\ciclo 2\programacion 2\trabajofinalgrupo9\trabajo final\debug\trabajo final.pdb
e:\upc\ciclo 2\programacion 2\trabajofinalgrupo9\trabajo final\trabajo final\debug\trabajofinal.formulariopresentacion.resources
e:\upc\ciclo 2\programacion 2\trabajofinalgrupo9\trabajo final\trabajo final\debug\trabajofinal.formulariocreditos.resources
e:\upc\ciclo 2\programacion 2\trabajofinalgrupo9\trabajo final\trabajo final\debug\trabajofinal.ajustes.resources
e:\upc\ciclo 2\programacion 2\trabajofinalgrupo9\trabajo final\trabajo final\debug\trabajofinal.niveles.resources
e:\upc\ciclo 2\programacion 2\trabajofinalgrupo9\trabajo final\trabajo final\debug\trabajo final.tlog\cl.command.1.tlog
e:\upc\ciclo 2\programacion 2\trabajofinalgrupo9\trabajo final\trabajo final\debug\trabajo final.tlog\cl.read.1.tlog
e:\upc\ciclo 2\programacion 2\trabajofinalgrupo9\trabajo final\trabajo final\debug\trabajo final.tlog\cl.write.1.tlog
e:\upc\ciclo 2\programacion 2\trabajofinalgrupo9\trabajo final\trabajo final\debug\trabajo final.tlog\link.command.1.tlog
e:\upc\ciclo 2\programacion 2\trabajofinalgrupo9\trabajo final\trabajo final\debug\trabajo final.tlog\link.read.1.tlog
e:\upc\ciclo 2\programacion 2\trabajofinalgrupo9\trabajo final\trabajo final\debug\trabajo final.tlog\link.write.1.tlog
e:\upc\ciclo 2\programacion 2\trabajofinalgrupo9\trabajo final\trabajo final\debug\trabajo final.tlog\metagen.read.1.tlog
e:\upc\ciclo 2\programacion 2\trabajofinalgrupo9\trabajo final\trabajo final\debug\trabajo final.tlog\metagen.write.1.tlog
e:\upc\ciclo 2\programacion 2\trabajofinalgrupo9\trabajo final\trabajo final\debug\trabajo final.tlog\trabajo final.write.1u.tlog
